<?xml version="1.0" encoding="UTF-8"?>
<!-- Generated by org.testng.reporters.JUnitXMLReporter -->
<testsuite ignored="9" hostname="DESKTOP-J47KP1R" failures="0" tests="1" name="Test" time="0.142" errors="0" timestamp="2024-06-20T11:48:01 IST">
  <testcase classname="testng.selenium.FourthTestNG2" name="method" time="0.003"/>
  <testcase classname="testng.selenium.FirstTestNGTC" name="thirdTestCase" time="0.0">
    <ignored/>
  </testcase> <!-- thirdTestCase -->
  <testcase classname="testng.selenium.FirstTestNGTC" name="fourthTestCase" time="0.0">
    <ignored/>
  </testcase> <!-- fourthTestCase -->
  <testcase classname="testng.selenium.FirstTestNGTC" name="secondTestCase" time="0.0">
    <ignored/>
  </testcase> <!-- secondTestCase -->
  <testcase classname="testng.selenium.ThirdTestNG" name="method" time="0.0">
    <ignored/>
  </testcase> <!-- method -->
  <testcase classname="testng.selenium.ThirdTestNG" name="method2" time="0.0">
    <ignored/>
  </testcase> <!-- method2 -->
  <testcase classname="testng.selenium.SecondTestNG" name="method" time="0.0">
    <ignored/>
  </testcase> <!-- method -->
  <testcase classname="testng.selenium.FourthTestNG2" name="method2" time="0.0">
    <ignored/>
  </testcase> <!-- method2 -->
  <testcase classname="testng.selenium.FirstTestNGTC" name="firstTestCase" time="0.0">
    <ignored/>
  </testcase> <!-- firstTestCase -->
  <testcase classname="testng.selenium.SecondTestNG" name="method2" time="0.0">
    <ignored/>
  </testcase> <!-- method2 -->
</testsuite> <!-- Test -->
