<?xml version="1.0" encoding="UTF-8"?>
<testng-results ignored="9" total="10" passed="1" failed="0" skipped="0">
  <reporter-output>
  </reporter-output>
  <suite started-at="2024-06-20T11:48:01 IST" name="Suite" finished-at="2024-06-20T11:48:01 IST" duration-ms="142">
    <groups>
      <group name="smoke2">
        <method signature="FourthTestNG2.method()[pri:0, instance:testng.selenium.FourthTestNG2@6db9f5a4]" name="method" class="testng.selenium.FourthTestNG2"/>
      </group> <!-- smoke2 -->
      <group name="Positive">
        <method signature="FourthTestNG2.method()[pri:0, instance:testng.selenium.FourthTestNG2@6db9f5a4]" name="method" class="testng.selenium.FourthTestNG2"/>
      </group> <!-- Positive -->
    </groups>
    <test started-at="2024-06-20T11:48:01 IST" name="Test" finished-at="2024-06-20T11:48:01 IST" duration-ms="142">
      <class name="testng.selenium.FourthTestNG2">
        <test-method is-config="true" signature="methodGroups()[pri:0, instance:testng.selenium.FourthTestNG2@6db9f5a4]" started-at="2024-06-20T11:48:01 IST" name="methodGroups" finished-at="2024-06-20T11:48:01 IST" duration-ms="15" status="PASS">
          <reporter-output>
          </reporter-output>
        </test-method> <!-- methodGroups -->
        <test-method signature="method()[pri:0, instance:testng.selenium.FourthTestNG2@6db9f5a4]" started-at="2024-06-20T11:48:01 IST" name="method" finished-at="2024-06-20T11:48:01 IST" duration-ms="3" status="PASS">
          <reporter-output>
          </reporter-output>
        </test-method> <!-- method -->
      </class> <!-- testng.selenium.FourthTestNG2 -->
    </test> <!-- Test -->
  </suite> <!-- Suite -->
</testng-results>
